{
  "stats": {
    "suites": 12,
    "tests": 41,
    "passes": 20,
    "pending": 0,
    "failures": 21,
    "start": "2022-04-20T18:59:23.253Z",
    "end": "2022-04-20T19:00:59.866Z",
    "duration": 96613,
    "testsRegistered": 41,
    "passPercent": 48.78048780487805,
    "pendingPercent": 0,
    "other": 0,
    "hasOther": false,
    "skipped": 0,
    "hasSkipped": false
  },
  "results": [
    {
      "uuid": "0a4c85e9-512e-4e75-999a-9c2398b35c17",
      "title": "",
      "fullFile": "cypress/integration/project.spec.js",
      "file": "cypress/integration/project.spec.js",
      "beforeHooks": [],
      "afterHooks": [],
      "tests": [],
      "suites": [
        {
          "uuid": "d0eef69e-0599-40ff-babf-b9533cf5c400",
          "title": "1 - Adicione à página o título \"Paleta de Cores\".",
          "fullFile": "",
          "file": "",
          "beforeHooks": [],
          "afterHooks": [],
          "tests": [
            {
              "title": "Verifica se contém um elemento `h1` com o id `title` com o título correto",
              "fullTitle": "1 - Adicione à página o título \"Paleta de Cores\". Verifica se contém um elemento `h1` com o id `title` com o título correto",
              "timedOut": null,
              "duration": 4784,
              "state": "failed",
              "speed": null,
              "pass": false,
              "fail": true,
              "pending": false,
              "context": null,
              "code": "cy.get('h1#title').should('contain.text', 'Paleta de Cores');",
              "err": {
                "message": "CypressError: Timed out retrying: expected '<h1#title>' to contain text 'Paleta de Cores', but the text was 'Projeto Arte Com Pixels'",
                "estack": "CypressError: Timed out retrying: expected '<h1#title>' to contain text 'Paleta de Cores', but the text was 'Projeto Arte Com Pixels'\n    at cypressErr (http://localhost:40221/__cypress/runner/cypress_runner.js:149934:9)\n    at throwErr (http://localhost:40221/__cypress/runner/cypress_runner.js:149867:11)\n    at Object.throwErrByPath (http://localhost:40221/__cypress/runner/cypress_runner.js:149915:3)\n    at retry (http://localhost:40221/__cypress/runner/cypress_runner.js:144197:19)\n    at onFailFn (http://localhost:40221/__cypress/runner/cypress_runner.js:132448:16)\n    at tryCatcher (http://localhost:40221/__cypress/runner/cypress_runner.js:167415:23)\n    at Promise._settlePromiseFromHandler (http://localhost:40221/__cypress/runner/cypress_runner.js:165351:31)\n    at Promise._settlePromise (http://localhost:40221/__cypress/runner/cypress_runner.js:165408:18)\n    at Promise._settlePromise0 (http://localhost:40221/__cypress/runner/cypress_runner.js:165453:10)\n    at Promise._settlePromises (http://localhost:40221/__cypress/runner/cypress_runner.js:165528:18)\n    at Async../node_modules/bluebird/js/release/async.js.Async._drainQueue (http://localhost:40221/__cypress/runner/cypress_runner.js:162140:16)\n    at Async../node_modules/bluebird/js/release/async.js.Async._drainQueues (http://localhost:40221/__cypress/runner/cypress_runner.js:162150:10)\n    at Async.drainQueues (http://localhost:40221/__cypress/runner/cypress_runner.js:162024:14)",
                "diff": null
              },
              "uuid": "12cd1e46-664b-40a2-a3e0-c174a947d1eb",
              "parentUUID": "d0eef69e-0599-40ff-babf-b9533cf5c400",
              "isHook": false,
              "skipped": false
            }
          ],
          "suites": [],
          "passes": [],
          "failures": [
            "12cd1e46-664b-40a2-a3e0-c174a947d1eb"
          ],
          "pending": [],
          "skipped": [],
          "duration": 4784,
          "root": false,
          "rootEmpty": false,
          "_timeout": 2000
        },
        {
          "uuid": "93376744-277e-44a8-8026-cfc83d044257",
          "title": "2 - Adicione à página uma paleta de quatro cores distintas.",
          "fullFile": "",
          "file": "",
          "beforeHooks": [],
          "afterHooks": [],
          "tests": [
            {
              "title": "A paleta de cores deve ser um elemento com `id` denominado `color-palette` e ter mais de 0px de altura e de largura.",
              "fullTitle": "2 - Adicione à página uma paleta de quatro cores distintas. A paleta de cores deve ser um elemento com `id` denominado `color-palette` e ter mais de 0px de altura e de largura.",
              "timedOut": null,
              "duration": 90,
              "state": "passed",
              "speed": "slow",
              "pass": true,
              "fail": false,
              "pending": false,
              "context": null,
              "code": "cy.get('#color-palette').should('be.visible');\ncy.get('#color-palette').children('.color');",
              "err": {},
              "uuid": "1173f17c-90e4-43a1-8ad3-fc84247d904e",
              "parentUUID": "93376744-277e-44a8-8026-cfc83d044257",
              "isHook": false,
              "skipped": false
            },
            {
              "title": "Verifica se cada cor individual da paleta de cores possui a `classe` chamada `color`.",
              "fullTitle": "2 - Adicione à página uma paleta de quatro cores distintas. Verifica se cada cor individual da paleta de cores possui a `classe` chamada `color`.",
              "timedOut": null,
              "duration": 100,
              "state": "passed",
              "speed": "slow",
              "pass": true,
              "fail": false,
              "pending": false,
              "context": null,
              "code": "cy.get('.color').should('have.length', 4).then(function (colors) {\n  for (var i = 0; i < colors.length; i++) {\n    cy.wrap(colors[i]).should('be.visible');\n  }\n});",
              "err": {},
              "uuid": "2b5a5474-557f-4f50-bb03-22fc51bed355",
              "parentUUID": "93376744-277e-44a8-8026-cfc83d044257",
              "isHook": false,
              "skipped": false
            },
            {
              "title": "Verifica se a cor de fundo de cada elemento da paleta é a cor que o elemento representa. **A única cor não permitida na paleta é a cor branca.**",
              "fullTitle": "2 - Adicione à página uma paleta de quatro cores distintas. Verifica se a cor de fundo de cada elemento da paleta é a cor que o elemento representa. **A única cor não permitida na paleta é a cor branca.**",
              "timedOut": null,
              "duration": 88,
              "state": "passed",
              "speed": "slow",
              "pass": true,
              "fail": false,
              "pending": false,
              "context": null,
              "code": "cy.get('.color').each(function (color) {\n  cy.wrap(color).should('have.class', 'color').and('not.have.css', 'background-color', WHITE);\n  cy.wrap(color).should('have.css', 'background-color');\n});",
              "err": {},
              "uuid": "ce6d9a31-05d1-4922-b955-b41960d2f579",
              "parentUUID": "93376744-277e-44a8-8026-cfc83d044257",
              "isHook": false,
              "skipped": false
            },
            {
              "title": "Verifica se cada elemento da paleta de cores tem uma borda preta, sólida e com 1 pixel de largura;",
              "fullTitle": "2 - Adicione à página uma paleta de quatro cores distintas. Verifica se cada elemento da paleta de cores tem uma borda preta, sólida e com 1 pixel de largura;",
              "timedOut": null,
              "duration": 66,
              "state": "passed",
              "speed": "medium",
              "pass": true,
              "fail": false,
              "pending": false,
              "context": null,
              "code": "cy.get('.color').each(function (color) {\n  cy.wrap(color).and('have.css', 'border', \"1px solid \".concat(BLACK)).and('have.class', 'color');\n});",
              "err": {},
              "uuid": "9d025210-a795-4d60-ad64-9756e62a0b24",
              "parentUUID": "93376744-277e-44a8-8026-cfc83d044257",
              "isHook": false,
              "skipped": false
            },
            {
              "title": "Verifica se a paleta lista todas as cores disponíveis para utilização, lado a lado.",
              "fullTitle": "2 - Adicione à página uma paleta de quatro cores distintas. Verifica se a paleta lista todas as cores disponíveis para utilização, lado a lado.",
              "timedOut": null,
              "duration": 56,
              "state": "passed",
              "speed": "medium",
              "pass": true,
              "fail": false,
              "pending": false,
              "context": null,
              "code": "cy.get('.color').then(function (colors) {\n  for (var index = 1; index < colors.length; index += 1) {\n    var currentColor = colors[index];\n    var previousColor = colors[index - 1];\n    cy.wrap(currentColor).should('be.onTheRightOf', previousColor).and('be.horizontallyAlignedWith', previousColor);\n  }\n});",
              "err": {},
              "uuid": "781487bc-42e3-4f2c-b4cd-ba9d9b0688a3",
              "parentUUID": "93376744-277e-44a8-8026-cfc83d044257",
              "isHook": false,
              "skipped": false
            },
            {
              "title": "Verifica se a paleta de cores está posicionada abaixo do título 'Paleta de Cores'",
              "fullTitle": "2 - Adicione à página uma paleta de quatro cores distintas. Verifica se a paleta de cores está posicionada abaixo do título 'Paleta de Cores'",
              "timedOut": null,
              "duration": 62,
              "state": "passed",
              "speed": "medium",
              "pass": true,
              "fail": false,
              "pending": false,
              "context": null,
              "code": "cy.get('h1#title').then(function (title) {\n  cy.get('#color-palette').should('be.belowOf', title);\n});",
              "err": {},
              "uuid": "ba857f5f-c7d1-45fc-9d21-52c90d1d8656",
              "parentUUID": "93376744-277e-44a8-8026-cfc83d044257",
              "isHook": false,
              "skipped": false
            },
            {
              "title": "Verifica se a paleta de cores não contém cores repetidas.",
              "fullTitle": "2 - Adicione à página uma paleta de quatro cores distintas. Verifica se a paleta de cores não contém cores repetidas.",
              "timedOut": null,
              "duration": 54,
              "state": "passed",
              "speed": "medium",
              "pass": true,
              "fail": false,
              "pending": false,
              "context": null,
              "code": "cy.get('.color').then(function (colors) {\n  var allColors = Array.from(colors).map(function (color) {\n    return Cypress.$(color).css('background-color');\n  });\n  cy.log(allColors);\n  var uniqColors = (0, _toConsumableArray2[\"default\"])(new Set(allColors));\n  cy.log(uniqColors);\n  expect(allColors.length).to.eq(uniqColors.length);\n});",
              "err": {},
              "uuid": "089bf4b3-5cea-4fb9-a85d-988fd7ddab1b",
              "parentUUID": "93376744-277e-44a8-8026-cfc83d044257",
              "isHook": false,
              "skipped": false
            }
          ],
          "suites": [],
          "passes": [
            "1173f17c-90e4-43a1-8ad3-fc84247d904e",
            "2b5a5474-557f-4f50-bb03-22fc51bed355",
            "ce6d9a31-05d1-4922-b955-b41960d2f579",
            "9d025210-a795-4d60-ad64-9756e62a0b24",
            "781487bc-42e3-4f2c-b4cd-ba9d9b0688a3",
            "ba857f5f-c7d1-45fc-9d21-52c90d1d8656",
            "089bf4b3-5cea-4fb9-a85d-988fd7ddab1b"
          ],
          "failures": [],
          "pending": [],
          "skipped": [],
          "duration": 516,
          "root": false,
          "rootEmpty": false,
          "_timeout": 2000
        },
        {
          "uuid": "635fb68c-3b05-458f-a53a-4a66fdd7443e",
          "title": "3 - Adicione a cor **preta** como a primeira cor da paleta de cores.",
          "fullFile": "",
          "file": "",
          "beforeHooks": [],
          "afterHooks": [],
          "tests": [
            {
              "title": "Verifica se a primeira cor da paleta é preta",
              "fullTitle": "3 - Adicione a cor **preta** como a primeira cor da paleta de cores. Verifica se a primeira cor da paleta é preta",
              "timedOut": null,
              "duration": 55,
              "state": "passed",
              "speed": "medium",
              "pass": true,
              "fail": false,
              "pending": false,
              "context": null,
              "code": "cy.get('.color').first().should('have.css', 'background-color', BLACK);",
              "err": {},
              "uuid": "2b674835-bf13-4bbb-8655-9f9aaebc326a",
              "parentUUID": "635fb68c-3b05-458f-a53a-4a66fdd7443e",
              "isHook": false,
              "skipped": false
            },
            {
              "title": "Verifica se as demais cores podem ser escolhidas livremente.",
              "fullTitle": "3 - Adicione a cor **preta** como a primeira cor da paleta de cores. Verifica se as demais cores podem ser escolhidas livremente.",
              "timedOut": null,
              "duration": 105,
              "state": "passed",
              "speed": "slow",
              "pass": true,
              "fail": false,
              "pending": false,
              "context": null,
              "code": "cy.get('.color').eq(1).should('not.have.css', 'background-color', BLACK);\ncy.get('.color').eq(1).should('not.have.css', 'background-color', WHITE);\ncy.get('.color').eq(1).should('not.have.css', 'background-color', 'rgba(0, 0, 0, 0)');\ncy.get('.color').eq(1).should('have.css', 'background-color');\ncy.get('.color').eq(2).should('not.have.css', 'background-color', BLACK);\ncy.get('.color').eq(2).should('not.have.css', 'background-color', WHITE);\ncy.get('.color').eq(2).should('not.have.css', 'background-color', 'rgba(0, 0, 0, 0)');\ncy.get('.color').eq(2).should('have.css', 'background-color');\ncy.get('.color').eq(3).should('not.have.css', 'background-color', BLACK);\ncy.get('.color').eq(3).should('not.have.css', 'background-color', WHITE);\ncy.get('.color').eq(3).should('not.have.css', 'background-color', 'rgba(0, 0, 0, 0)');\ncy.get('.color').eq(3).should('have.css', 'background-color');",
              "err": {},
              "uuid": "7ca3080c-fea4-481c-a0bb-efc395ef8c4a",
              "parentUUID": "635fb68c-3b05-458f-a53a-4a66fdd7443e",
              "isHook": false,
              "skipped": false
            }
          ],
          "suites": [],
          "passes": [
            "2b674835-bf13-4bbb-8655-9f9aaebc326a",
            "7ca3080c-fea4-481c-a0bb-efc395ef8c4a"
          ],
          "failures": [],
          "pending": [],
          "skipped": [],
          "duration": 160,
          "root": false,
          "rootEmpty": false,
          "_timeout": 2000
        },
        {
          "uuid": "7c885e99-94de-490a-87b2-20f349ca3ab7",
          "title": "4 - Adicione à página um quadro de pixels, com 25 pixels.",
          "fullFile": "",
          "file": "",
          "beforeHooks": [],
          "afterHooks": [],
          "tests": [
            {
              "title": "Verifica se o quadro de pixels possui o `id` denominado `pixel-board`",
              "fullTitle": "4 - Adicione à página um quadro de pixels, com 25 pixels. Verifica se o quadro de pixels possui o `id` denominado `pixel-board`",
              "timedOut": null,
              "duration": 69,
              "state": "passed",
              "speed": "medium",
              "pass": true,
              "fail": false,
              "pending": false,
              "context": null,
              "code": "cy.get('#pixel-board').should('be.visible');",
              "err": {},
              "uuid": "583db59f-0560-438f-a947-4dcfc97cc4b2",
              "parentUUID": "7c885e99-94de-490a-87b2-20f349ca3ab7",
              "isHook": false,
              "skipped": false
            },
            {
              "title": "Verifica se cada pixel individual dentro do quadro possui a `classe` denominada `pixel`.",
              "fullTitle": "4 - Adicione à página um quadro de pixels, com 25 pixels. Verifica se cada pixel individual dentro do quadro possui a `classe` denominada `pixel`.",
              "timedOut": null,
              "duration": 72,
              "state": "passed",
              "speed": "medium",
              "pass": true,
              "fail": false,
              "pending": false,
              "context": null,
              "code": "cy.get('.pixel').should('have.length', 25);",
              "err": {},
              "uuid": "58ed3288-492a-45f2-a6a6-953e910ad31d",
              "parentUUID": "7c885e99-94de-490a-87b2-20f349ca3ab7",
              "isHook": false,
              "skipped": false
            },
            {
              "title": "Verifica se a cor inicial dos pixels dentro do quadro, ao abrir a página, é branca.",
              "fullTitle": "4 - Adicione à página um quadro de pixels, com 25 pixels. Verifica se a cor inicial dos pixels dentro do quadro, ao abrir a página, é branca.",
              "timedOut": null,
              "duration": 107,
              "state": "passed",
              "speed": "slow",
              "pass": true,
              "fail": false,
              "pending": false,
              "context": null,
              "code": "cy.get('.pixel').should('have.length', 25).each(function (pixel) {\n  expect(pixel).to.have.css('background-color', WHITE);\n});",
              "err": {},
              "uuid": "7d18dc11-7a49-4d13-9355-4b6156fdbeb1",
              "parentUUID": "7c885e99-94de-490a-87b2-20f349ca3ab7",
              "isHook": false,
              "skipped": false
            },
            {
              "title": "Verifica se o quadro de pixels aparece abaixo da paleta de cores",
              "fullTitle": "4 - Adicione à página um quadro de pixels, com 25 pixels. Verifica se o quadro de pixels aparece abaixo da paleta de cores",
              "timedOut": null,
              "duration": 60,
              "state": "passed",
              "speed": "medium",
              "pass": true,
              "fail": false,
              "pending": false,
              "context": null,
              "code": "cy.get('#color-palette').then(function (palette) {\n  cy.get('#pixel-board').should('be.belowOf', palette);\n});",
              "err": {},
              "uuid": "5c9d548c-5ffe-4fed-a765-de0ac5b062da",
              "parentUUID": "7c885e99-94de-490a-87b2-20f349ca3ab7",
              "isHook": false,
              "skipped": false
            }
          ],
          "suites": [],
          "passes": [
            "583db59f-0560-438f-a947-4dcfc97cc4b2",
            "58ed3288-492a-45f2-a6a6-953e910ad31d",
            "7d18dc11-7a49-4d13-9355-4b6156fdbeb1",
            "5c9d548c-5ffe-4fed-a765-de0ac5b062da"
          ],
          "failures": [],
          "pending": [],
          "skipped": [],
          "duration": 308,
          "root": false,
          "rootEmpty": false,
          "_timeout": 2000
        },
        {
          "uuid": "874a43d4-a20c-414b-ab3b-a56c8e3a5085",
          "title": "5 - Faça com que cada elemento do quadro de pixels possua 40 pixels de largura, 40 pixels de altura e seja delimitado por uma borda preta de 1 pixel.",
          "fullFile": "",
          "file": "",
          "beforeHooks": [],
          "afterHooks": [],
          "tests": [
            {
              "title": "Verifica se o quadro de pixels tem altura e comprimento de 5 elementos",
              "fullTitle": "5 - Faça com que cada elemento do quadro de pixels possua 40 pixels de largura, 40 pixels de altura e seja delimitado por uma borda preta de 1 pixel. Verifica se o quadro de pixels tem altura e comprimento de 5 elementos",
              "timedOut": null,
              "duration": 165,
              "state": "passed",
              "speed": "slow",
              "pass": true,
              "fail": false,
              "pending": false,
              "context": null,
              "code": "cy.get('.pixel').should('have.length', 25).each(function (pixel) {\n  expect(pixel).to.have.css('background-color', WHITE);\n}).and(function (pixels) {\n  var rows = chunk(pixels, 5);\n  rows.forEach(function (row) {\n    for (var index = 1; index < row.length; index += 1) {\n      var current = pixels[index];\n      var previous = pixels[index - 1];\n      cy.wrap(current).should('be.onTheRightOf', previous).and('be.horizontallyAlignedWith', previous);\n    }\n  });\n  for (var index = 1; index < 5; index += 1) {\n    expect(pixels[index * 5]).to.be.belowOf(pixels[(index - 1) * 5]);\n  }\n});",
              "err": {},
              "uuid": "54056857-cf99-4a82-8c8e-ed9f14447b2b",
              "parentUUID": "874a43d4-a20c-414b-ab3b-a56c8e3a5085",
              "isHook": false,
              "skipped": false
            },
            {
              "title": "Verifica se 40 pixels é o tamanho total do elemento, incluindo seu conteúdo e excluindo a borda preta, que deve ser criada à parte.",
              "fullTitle": "5 - Faça com que cada elemento do quadro de pixels possua 40 pixels de largura, 40 pixels de altura e seja delimitado por uma borda preta de 1 pixel. Verifica se 40 pixels é o tamanho total do elemento, incluindo seu conteúdo e excluindo a borda preta, que deve ser criada à parte.",
              "timedOut": null,
              "duration": 172,
              "state": "passed",
              "speed": "slow",
              "pass": true,
              "fail": false,
              "pending": false,
              "context": null,
              "code": "cy.get('.pixel').each(function (pixel) {\n  cy.wrap(pixel).should('have.css', 'height', '40px').and('have.css', 'width', '40px').and('have.css', 'border', \"1px solid \".concat(BLACK));\n});",
              "err": {},
              "uuid": "dbc7f339-9715-4f9c-b3cf-1330342682e6",
              "parentUUID": "874a43d4-a20c-414b-ab3b-a56c8e3a5085",
              "isHook": false,
              "skipped": false
            }
          ],
          "suites": [],
          "passes": [
            "54056857-cf99-4a82-8c8e-ed9f14447b2b",
            "dbc7f339-9715-4f9c-b3cf-1330342682e6"
          ],
          "failures": [],
          "pending": [],
          "skipped": [],
          "duration": 337,
          "root": false,
          "rootEmpty": false,
          "_timeout": 2000
        },
        {
          "uuid": "a052fd23-006d-4638-9286-e7a5c3464840",
          "title": "6 - Defina a cor preta como cor inicial. Ao carregar a página a cor preta já deve estar selecionada para pintar os pixels",
          "fullFile": "",
          "file": "",
          "beforeHooks": [],
          "afterHooks": [],
          "tests": [
            {
              "title": "Verifica se o elemento da cor preta possui, inicialmente, a `classe` `selected`",
              "fullTitle": "6 - Defina a cor preta como cor inicial. Ao carregar a página a cor preta já deve estar selecionada para pintar os pixels Verifica se o elemento da cor preta possui, inicialmente, a `classe` `selected`",
              "timedOut": null,
              "duration": 56,
              "state": "passed",
              "speed": "medium",
              "pass": true,
              "fail": false,
              "pending": false,
              "context": null,
              "code": "cy.get('.selected').first().should('have.css', 'background-color', BLACK);",
              "err": {},
              "uuid": "227da0e3-bd68-4a76-9965-23dfe1ccd697",
              "parentUUID": "a052fd23-006d-4638-9286-e7a5c3464840",
              "isHook": false,
              "skipped": false
            },
            {
              "title": "Verifica se nenhuma outra cor da paleta tem a `classe` `selected`",
              "fullTitle": "6 - Defina a cor preta como cor inicial. Ao carregar a página a cor preta já deve estar selecionada para pintar os pixels Verifica se nenhuma outra cor da paleta tem a `classe` `selected`",
              "timedOut": null,
              "duration": 60,
              "state": "passed",
              "speed": "medium",
              "pass": true,
              "fail": false,
              "pending": false,
              "context": null,
              "code": "cy.get('.color:not(:first-child)').each(function (color) {\n  cy.wrap(color).should('not.have.class', 'selected');\n});",
              "err": {},
              "uuid": "82f3e80f-b1ea-4982-9f80-b806d1d82f9b",
              "parentUUID": "a052fd23-006d-4638-9286-e7a5c3464840",
              "isHook": false,
              "skipped": false
            }
          ],
          "suites": [],
          "passes": [
            "227da0e3-bd68-4a76-9965-23dfe1ccd697",
            "82f3e80f-b1ea-4982-9f80-b806d1d82f9b"
          ],
          "failures": [],
          "pending": [],
          "skipped": [],
          "duration": 116,
          "root": false,
          "rootEmpty": false,
          "_timeout": 2000
        },
        {
          "uuid": "4f225620-de08-4717-970c-69c0739df5be",
          "title": "7 - Clicar em uma das cores da paleta, faz com que ela seja selecionada e utilizada para preencher os pixels no quadro.",
          "fullFile": "",
          "file": "",
          "beforeHooks": [],
          "afterHooks": [],
          "tests": [
            {
              "title": "Verifica se somente uma cor da paleta de cores tem a classe `selected` de cada vez",
              "fullTitle": "7 - Clicar em uma das cores da paleta, faz com que ela seja selecionada e utilizada para preencher os pixels no quadro. Verifica se somente uma cor da paleta de cores tem a classe `selected` de cada vez",
              "timedOut": null,
              "duration": 418,
              "state": "passed",
              "speed": "slow",
              "pass": true,
              "fail": false,
              "pending": false,
              "context": null,
              "code": "cy.get('.color').each(function (selectedColor, selectedColorIndex) {\n  cy.wrap(selectedColor).click();\n  cy.get('.color').each(function (color, colorIndex) {\n    if (colorIndex === selectedColorIndex) {\n      expect(color).to.have[\"class\"]('selected');\n    } else {\n      expect(color).not.to.have[\"class\"]('selected');\n    }\n  });\n});",
              "err": {},
              "uuid": "39845612-d78f-4023-bf3e-4298d4480ce8",
              "parentUUID": "4f225620-de08-4717-970c-69c0739df5be",
              "isHook": false,
              "skipped": false
            },
            {
              "title": "Verifica se os pixels dentro do quadro não têm a classe `selected` quando são clicados",
              "fullTitle": "7 - Clicar em uma das cores da paleta, faz com que ela seja selecionada e utilizada para preencher os pixels no quadro. Verifica se os pixels dentro do quadro não têm a classe `selected` quando são clicados",
              "timedOut": null,
              "duration": 9030,
              "state": "passed",
              "speed": "slow",
              "pass": true,
              "fail": false,
              "pending": false,
              "context": null,
              "code": "cy.get('.color').each(function (color) {\n  var backgroundColor = color.css('background-color');\n  cy.wrap(color).click();\n  cy.get('.pixel').each(function (pixel) {\n    cy.wrap(pixel).click().should('not.have.class', 'selected');\n  });\n});",
              "err": {},
              "uuid": "fe69fe73-481e-41dd-936e-fbf3de5dd945",
              "parentUUID": "4f225620-de08-4717-970c-69c0739df5be",
              "isHook": false,
              "skipped": false
            }
          ],
          "suites": [],
          "passes": [
            "39845612-d78f-4023-bf3e-4298d4480ce8",
            "fe69fe73-481e-41dd-936e-fbf3de5dd945"
          ],
          "failures": [],
          "pending": [],
          "skipped": [],
          "duration": 9448,
          "root": false,
          "rootEmpty": false,
          "_timeout": 2000
        },
        {
          "uuid": "409c5fa5-9941-4628-a2ea-2b9e54776867",
          "title": "8 - Clicar em um pixel dentro do quadro após selecionar uma cor na paleta, faz com que o pixel seja preenchido com a cor selecionada.",
          "fullFile": "",
          "file": "",
          "beforeHooks": [],
          "afterHooks": [],
          "tests": [
            {
              "title": "Verifica se ao carregar a página deve ser possível pintar os pixels de preto",
              "fullTitle": "8 - Clicar em um pixel dentro do quadro após selecionar uma cor na paleta, faz com que o pixel seja preenchido com a cor selecionada. Verifica se ao carregar a página deve ser possível pintar os pixels de preto",
              "timedOut": null,
              "duration": 4410,
              "state": "failed",
              "speed": null,
              "pass": false,
              "fail": true,
              "pending": false,
              "context": null,
              "code": "cy.get('.pixel').each(function (pixel) {\n  cy.wrap(pixel).click().should('have.css', 'background-color', BLACK);\n});",
              "err": {
                "message": "CypressError: Timed out retrying: expected '<div.pixel>' to have CSS property 'background-color' with the value 'rgb(0, 0, 0)', but the value was 'rgb(255, 255, 255)'",
                "estack": "CypressError: Timed out retrying: expected '<div.pixel>' to have CSS property 'background-color' with the value 'rgb(0, 0, 0)', but the value was 'rgb(255, 255, 255)'\n    at cypressErr (http://localhost:40221/__cypress/runner/cypress_runner.js:149934:9)\n    at throwErr (http://localhost:40221/__cypress/runner/cypress_runner.js:149867:11)\n    at Object.throwErrByPath (http://localhost:40221/__cypress/runner/cypress_runner.js:149915:3)\n    at retry (http://localhost:40221/__cypress/runner/cypress_runner.js:144197:19)\n    at onFailFn (http://localhost:40221/__cypress/runner/cypress_runner.js:132448:16)\n    at tryCatcher (http://localhost:40221/__cypress/runner/cypress_runner.js:167415:23)\n    at Promise._settlePromiseFromHandler (http://localhost:40221/__cypress/runner/cypress_runner.js:165351:31)\n    at Promise._settlePromise (http://localhost:40221/__cypress/runner/cypress_runner.js:165408:18)\n    at Promise._settlePromise0 (http://localhost:40221/__cypress/runner/cypress_runner.js:165453:10)\n    at Promise._settlePromises (http://localhost:40221/__cypress/runner/cypress_runner.js:165528:18)\n    at Async../node_modules/bluebird/js/release/async.js.Async._drainQueue (http://localhost:40221/__cypress/runner/cypress_runner.js:162140:16)\n    at Async../node_modules/bluebird/js/release/async.js.Async._drainQueues (http://localhost:40221/__cypress/runner/cypress_runner.js:162150:10)\n    at Async.drainQueues (http://localhost:40221/__cypress/runner/cypress_runner.js:162024:14)",
                "diff": null
              },
              "uuid": "a8d8d687-cd81-4819-a16b-0cacbae2f5cd",
              "parentUUID": "409c5fa5-9941-4628-a2ea-2b9e54776867",
              "isHook": false,
              "skipped": false
            },
            {
              "title": "Verifica se após selecionar uma outra cor na paleta, é possível pintar os pixels com essa cor",
              "fullTitle": "8 - Clicar em um pixel dentro do quadro após selecionar uma cor na paleta, faz com que o pixel seja preenchido com a cor selecionada. Verifica se após selecionar uma outra cor na paleta, é possível pintar os pixels com essa cor",
              "timedOut": null,
              "duration": 4459,
              "state": "failed",
              "speed": null,
              "pass": false,
              "fail": true,
              "pending": false,
              "context": null,
              "code": "cy.get('.color').each(function (color) {\n  var backgroundColor = color.css('background-color');\n  cy.wrap(color).click();\n  cy.get('.pixel').each(function (pixel) {\n    cy.wrap(pixel).click().should('have.css', 'background-color', backgroundColor);\n  });\n});",
              "err": {
                "message": "CypressError: Timed out retrying: expected '<div.pixel>' to have CSS property 'background-color' with the value 'rgb(0, 0, 0)', but the value was 'rgb(255, 255, 255)'",
                "estack": "CypressError: Timed out retrying: expected '<div.pixel>' to have CSS property 'background-color' with the value 'rgb(0, 0, 0)', but the value was 'rgb(255, 255, 255)'\n    at cypressErr (http://localhost:40221/__cypress/runner/cypress_runner.js:149934:9)\n    at throwErr (http://localhost:40221/__cypress/runner/cypress_runner.js:149867:11)\n    at Object.throwErrByPath (http://localhost:40221/__cypress/runner/cypress_runner.js:149915:3)\n    at retry (http://localhost:40221/__cypress/runner/cypress_runner.js:144197:19)\n    at onFailFn (http://localhost:40221/__cypress/runner/cypress_runner.js:132448:16)\n    at tryCatcher (http://localhost:40221/__cypress/runner/cypress_runner.js:167415:23)\n    at Promise._settlePromiseFromHandler (http://localhost:40221/__cypress/runner/cypress_runner.js:165351:31)\n    at Promise._settlePromise (http://localhost:40221/__cypress/runner/cypress_runner.js:165408:18)\n    at Promise._settlePromise0 (http://localhost:40221/__cypress/runner/cypress_runner.js:165453:10)\n    at Promise._settlePromises (http://localhost:40221/__cypress/runner/cypress_runner.js:165528:18)\n    at Async../node_modules/bluebird/js/release/async.js.Async._drainQueue (http://localhost:40221/__cypress/runner/cypress_runner.js:162140:16)\n    at Async../node_modules/bluebird/js/release/async.js.Async._drainQueues (http://localhost:40221/__cypress/runner/cypress_runner.js:162150:10)\n    at Async.drainQueues (http://localhost:40221/__cypress/runner/cypress_runner.js:162024:14)",
                "diff": null
              },
              "uuid": "9433333e-2180-4da0-beaa-5664b375c57f",
              "parentUUID": "409c5fa5-9941-4628-a2ea-2b9e54776867",
              "isHook": false,
              "skipped": false
            },
            {
              "title": "Verifica se somente o pixel que foi clicado foi preenchido com a cor selecionada, sem influenciar na cor dos demais pixels.",
              "fullTitle": "8 - Clicar em um pixel dentro do quadro após selecionar uma cor na paleta, faz com que o pixel seja preenchido com a cor selecionada. Verifica se somente o pixel que foi clicado foi preenchido com a cor selecionada, sem influenciar na cor dos demais pixels.",
              "timedOut": null,
              "duration": 1382,
              "state": "passed",
              "speed": "slow",
              "pass": true,
              "fail": false,
              "pending": false,
              "context": null,
              "code": "var colorToPixelIndexMap = {\n  0: 6,\n  1: 8,\n  2: 16,\n  3: 18\n};\ncy.get('.color').each(function (color, index) {\n  cy.wrap(color).click();\n  var backgroundColor = color.css('background-color');\n  var clickedPixelIndex = colorToPixelIndexMap[index];\n  cy.get('.pixel').eq(clickedPixelIndex).click();\n  cy.get('.pixel').eq(clickedPixelIndex - 1).should('not.have.css', 'background-color', backgroundColor);\n  cy.get('.pixel').eq(clickedPixelIndex + 1).should('not.have.css', 'background-color', backgroundColor);\n  cy.get('.pixel').eq(clickedPixelIndex - 5).should('not.have.css', 'background-color', backgroundColor);\n  cy.get('.pixel').eq(clickedPixelIndex + 5).should('not.have.css', 'background-color', backgroundColor);\n  cy.get('.pixel').eq(clickedPixelIndex - 6).should('not.have.css', 'background-color', backgroundColor);\n  cy.get('.pixel').eq(clickedPixelIndex - 4).should('not.have.css', 'background-color', backgroundColor);\n  cy.get('.pixel').eq(clickedPixelIndex + 4).should('not.have.css', 'background-color', backgroundColor);\n  cy.get('.pixel').eq(clickedPixelIndex + 6).should('not.have.css', 'background-color', backgroundColor);\n});",
              "err": {},
              "uuid": "5b26712d-5546-4065-91ea-ddce3d3d9fee",
              "parentUUID": "409c5fa5-9941-4628-a2ea-2b9e54776867",
              "isHook": false,
              "skipped": false
            }
          ],
          "suites": [],
          "passes": [
            "5b26712d-5546-4065-91ea-ddce3d3d9fee"
          ],
          "failures": [
            "a8d8d687-cd81-4819-a16b-0cacbae2f5cd",
            "9433333e-2180-4da0-beaa-5664b375c57f"
          ],
          "pending": [],
          "skipped": [],
          "duration": 10251,
          "root": false,
          "rootEmpty": false,
          "_timeout": 2000
        },
        {
          "uuid": "cbb95e97-e628-45ea-9ef9-c7448c5b3804",
          "title": "9 - Crie um botão que, ao ser clicado, limpa o quadro preenchendo a cor de todos seus pixels com branco.",
          "fullFile": "",
          "file": "",
          "beforeHooks": [],
          "afterHooks": [],
          "tests": [
            {
              "title": "Verifica se o botão tem o `id` denominado `clear-board`",
              "fullTitle": "9 - Crie um botão que, ao ser clicado, limpa o quadro preenchendo a cor de todos seus pixels com branco. Verifica se o botão tem o `id` denominado `clear-board`",
              "timedOut": null,
              "duration": 4317,
              "state": "failed",
              "speed": null,
              "pass": false,
              "fail": true,
              "pending": false,
              "context": null,
              "code": "cy.get('#clear-board').should('be.visible');",
              "err": {
                "message": "CypressError: Timed out retrying: Expected to find element: '#clear-board', but never found it.",
                "estack": "CypressError: Timed out retrying: Expected to find element: '#clear-board', but never found it.\n    at cypressErr (http://localhost:40221/__cypress/runner/cypress_runner.js:149934:9)\n    at throwErr (http://localhost:40221/__cypress/runner/cypress_runner.js:149867:11)\n    at Object.throwErrByPath (http://localhost:40221/__cypress/runner/cypress_runner.js:149915:3)\n    at retry (http://localhost:40221/__cypress/runner/cypress_runner.js:144197:19)\n    at onFailFn (http://localhost:40221/__cypress/runner/cypress_runner.js:132448:16)\n    at tryCatcher (http://localhost:40221/__cypress/runner/cypress_runner.js:167415:23)\n    at Promise._settlePromiseFromHandler (http://localhost:40221/__cypress/runner/cypress_runner.js:165351:31)\n    at Promise._settlePromise (http://localhost:40221/__cypress/runner/cypress_runner.js:165408:18)\n    at Promise._settlePromise0 (http://localhost:40221/__cypress/runner/cypress_runner.js:165453:10)\n    at Promise._settlePromises (http://localhost:40221/__cypress/runner/cypress_runner.js:165528:18)\n    at Async../node_modules/bluebird/js/release/async.js.Async._drainQueue (http://localhost:40221/__cypress/runner/cypress_runner.js:162140:16)\n    at Async../node_modules/bluebird/js/release/async.js.Async._drainQueues (http://localhost:40221/__cypress/runner/cypress_runner.js:162150:10)\n    at Async.drainQueues (http://localhost:40221/__cypress/runner/cypress_runner.js:162024:14)",
                "diff": null
              },
              "uuid": "2242c1a4-1e01-4d90-844b-178a44c0fd69",
              "parentUUID": "cbb95e97-e628-45ea-9ef9-c7448c5b3804",
              "isHook": false,
              "skipped": false
            },
            {
              "title": "Verifica se o botão está posicionado entre a paleta de cores e o quadro de pixels",
              "fullTitle": "9 - Crie um botão que, ao ser clicado, limpa o quadro preenchendo a cor de todos seus pixels com branco. Verifica se o botão está posicionado entre a paleta de cores e o quadro de pixels",
              "timedOut": null,
              "duration": 4306,
              "state": "failed",
              "speed": null,
              "pass": false,
              "fail": true,
              "pending": false,
              "context": null,
              "code": "cy.get('#color-palette').then(function (palette) {\n  cy.get('#clear-board').should('be.belowOf', palette);\n});\ncy.get('#clear-board').then(function (clearBtn) {\n  cy.get('#pixel-board').should('be.belowOf', clearBtn);\n});",
              "err": {
                "message": "CypressError: Timed out retrying: Expected to find element: '#clear-board', but never found it.",
                "estack": "CypressError: Timed out retrying: Expected to find element: '#clear-board', but never found it.\n    at cypressErr (http://localhost:40221/__cypress/runner/cypress_runner.js:149934:9)\n    at throwErr (http://localhost:40221/__cypress/runner/cypress_runner.js:149867:11)\n    at Object.throwErrByPath (http://localhost:40221/__cypress/runner/cypress_runner.js:149915:3)\n    at retry (http://localhost:40221/__cypress/runner/cypress_runner.js:144197:19)\n    at onFailFn (http://localhost:40221/__cypress/runner/cypress_runner.js:132448:16)\n    at tryCatcher (http://localhost:40221/__cypress/runner/cypress_runner.js:167415:23)\n    at Promise._settlePromiseFromHandler (http://localhost:40221/__cypress/runner/cypress_runner.js:165351:31)\n    at Promise._settlePromise (http://localhost:40221/__cypress/runner/cypress_runner.js:165408:18)\n    at Promise._settlePromise0 (http://localhost:40221/__cypress/runner/cypress_runner.js:165453:10)\n    at Promise._settlePromises (http://localhost:40221/__cypress/runner/cypress_runner.js:165528:18)\n    at Async../node_modules/bluebird/js/release/async.js.Async._drainQueue (http://localhost:40221/__cypress/runner/cypress_runner.js:162140:16)\n    at Async../node_modules/bluebird/js/release/async.js.Async._drainQueues (http://localhost:40221/__cypress/runner/cypress_runner.js:162150:10)\n    at Async.drainQueues (http://localhost:40221/__cypress/runner/cypress_runner.js:162024:14)",
                "diff": null
              },
              "uuid": "01958658-3f94-4b33-9bcb-b1f0d797c5a9",
              "parentUUID": "cbb95e97-e628-45ea-9ef9-c7448c5b3804",
              "isHook": false,
              "skipped": false
            },
            {
              "title": "Verifica se o texto do botão é 'Limpar'",
              "fullTitle": "9 - Crie um botão que, ao ser clicado, limpa o quadro preenchendo a cor de todos seus pixels com branco. Verifica se o texto do botão é 'Limpar'",
              "timedOut": null,
              "duration": 4367,
              "state": "failed",
              "speed": null,
              "pass": false,
              "fail": true,
              "pending": false,
              "context": null,
              "code": "cy.get('#clear-board').should('contain.text', 'Limpar');",
              "err": {
                "message": "CypressError: Timed out retrying: Expected to find element: '#clear-board', but never found it.",
                "estack": "CypressError: Timed out retrying: Expected to find element: '#clear-board', but never found it.\n    at cypressErr (http://localhost:40221/__cypress/runner/cypress_runner.js:149934:9)\n    at throwErr (http://localhost:40221/__cypress/runner/cypress_runner.js:149867:11)\n    at Object.throwErrByPath (http://localhost:40221/__cypress/runner/cypress_runner.js:149915:3)\n    at retry (http://localhost:40221/__cypress/runner/cypress_runner.js:144197:19)\n    at onFailFn (http://localhost:40221/__cypress/runner/cypress_runner.js:132448:16)\n    at tryCatcher (http://localhost:40221/__cypress/runner/cypress_runner.js:167415:23)\n    at Promise._settlePromiseFromHandler (http://localhost:40221/__cypress/runner/cypress_runner.js:165351:31)\n    at Promise._settlePromise (http://localhost:40221/__cypress/runner/cypress_runner.js:165408:18)\n    at Promise._settlePromise0 (http://localhost:40221/__cypress/runner/cypress_runner.js:165453:10)\n    at Promise._settlePromises (http://localhost:40221/__cypress/runner/cypress_runner.js:165528:18)\n    at Async../node_modules/bluebird/js/release/async.js.Async._drainQueue (http://localhost:40221/__cypress/runner/cypress_runner.js:162140:16)\n    at Async../node_modules/bluebird/js/release/async.js.Async._drainQueues (http://localhost:40221/__cypress/runner/cypress_runner.js:162150:10)\n    at Async.drainQueues (http://localhost:40221/__cypress/runner/cypress_runner.js:162024:14)",
                "diff": null
              },
              "uuid": "180a1654-1a61-4640-922b-05670562cc38",
              "parentUUID": "cbb95e97-e628-45ea-9ef9-c7448c5b3804",
              "isHook": false,
              "skipped": false
            },
            {
              "title": "Verifica se ao clicar no botão, o quadro de pixels é totalmente preenchido de branco",
              "fullTitle": "9 - Crie um botão que, ao ser clicado, limpa o quadro preenchendo a cor de todos seus pixels com branco. Verifica se ao clicar no botão, o quadro de pixels é totalmente preenchido de branco",
              "timedOut": null,
              "duration": 4524,
              "state": "failed",
              "speed": null,
              "pass": false,
              "fail": true,
              "pending": false,
              "context": null,
              "code": "cy.get('.color').eq(1).then(function (color) {\n  var backgroundColor = color.css('background-color');\n  cy.wrap(color).click();\n  cy.get('.pixel').each(function (pixel) {\n    cy.wrap(pixel).click().should('have.css', 'background-color', backgroundColor);\n  });\n});\ncy.get('#clear-board').click();\ncy.get('.pixel').each(function (pixel) {\n  cy.wrap(pixel).should('have.css', 'background-color', WHITE);\n});",
              "err": {
                "message": "CypressError: Timed out retrying: expected '<div.pixel>' to have CSS property 'background-color' with the value 'rgb(255, 0, 0)', but the value was 'rgb(255, 255, 255)'",
                "estack": "CypressError: Timed out retrying: expected '<div.pixel>' to have CSS property 'background-color' with the value 'rgb(255, 0, 0)', but the value was 'rgb(255, 255, 255)'\n    at cypressErr (http://localhost:40221/__cypress/runner/cypress_runner.js:149934:9)\n    at throwErr (http://localhost:40221/__cypress/runner/cypress_runner.js:149867:11)\n    at Object.throwErrByPath (http://localhost:40221/__cypress/runner/cypress_runner.js:149915:3)\n    at retry (http://localhost:40221/__cypress/runner/cypress_runner.js:144197:19)\n    at onFailFn (http://localhost:40221/__cypress/runner/cypress_runner.js:132448:16)\n    at tryCatcher (http://localhost:40221/__cypress/runner/cypress_runner.js:167415:23)\n    at Promise._settlePromiseFromHandler (http://localhost:40221/__cypress/runner/cypress_runner.js:165351:31)\n    at Promise._settlePromise (http://localhost:40221/__cypress/runner/cypress_runner.js:165408:18)\n    at Promise._settlePromise0 (http://localhost:40221/__cypress/runner/cypress_runner.js:165453:10)\n    at Promise._settlePromises (http://localhost:40221/__cypress/runner/cypress_runner.js:165528:18)\n    at Async../node_modules/bluebird/js/release/async.js.Async._drainQueue (http://localhost:40221/__cypress/runner/cypress_runner.js:162140:16)\n    at Async../node_modules/bluebird/js/release/async.js.Async._drainQueues (http://localhost:40221/__cypress/runner/cypress_runner.js:162150:10)\n    at Async.drainQueues (http://localhost:40221/__cypress/runner/cypress_runner.js:162024:14)",
                "diff": null
              },
              "uuid": "3883c99d-7772-4e06-abdf-9026dfca1319",
              "parentUUID": "cbb95e97-e628-45ea-9ef9-c7448c5b3804",
              "isHook": false,
              "skipped": false
            }
          ],
          "suites": [],
          "passes": [],
          "failures": [
            "2242c1a4-1e01-4d90-844b-178a44c0fd69",
            "01958658-3f94-4b33-9bcb-b1f0d797c5a9",
            "180a1654-1a61-4640-922b-05670562cc38",
            "3883c99d-7772-4e06-abdf-9026dfca1319"
          ],
          "pending": [],
          "skipped": [],
          "duration": 17514,
          "root": false,
          "rootEmpty": false,
          "_timeout": 2000
        },
        {
          "uuid": "6057a05d-ac2b-4d46-980f-e30606553942",
          "title": "10 - Faça o quadro de pixels ter seu tamanho definido pelo usuário.",
          "fullFile": "",
          "file": "",
          "beforeHooks": [],
          "afterHooks": [],
          "tests": [
            {
              "title": "Verifica se existe um input com o id `board-size`",
              "fullTitle": "10 - Faça o quadro de pixels ter seu tamanho definido pelo usuário. Verifica se existe um input com o id `board-size`",
              "timedOut": null,
              "duration": 4325,
              "state": "failed",
              "speed": null,
              "pass": false,
              "fail": true,
              "pending": false,
              "context": null,
              "code": "cy.get('#board-size').should('be.visible');",
              "err": {
                "message": "CypressError: Timed out retrying: Expected to find element: '#board-size', but never found it.",
                "estack": "CypressError: Timed out retrying: Expected to find element: '#board-size', but never found it.\n    at cypressErr (http://localhost:40221/__cypress/runner/cypress_runner.js:149934:9)\n    at throwErr (http://localhost:40221/__cypress/runner/cypress_runner.js:149867:11)\n    at Object.throwErrByPath (http://localhost:40221/__cypress/runner/cypress_runner.js:149915:3)\n    at retry (http://localhost:40221/__cypress/runner/cypress_runner.js:144197:19)\n    at onFailFn (http://localhost:40221/__cypress/runner/cypress_runner.js:132448:16)\n    at tryCatcher (http://localhost:40221/__cypress/runner/cypress_runner.js:167415:23)\n    at Promise._settlePromiseFromHandler (http://localhost:40221/__cypress/runner/cypress_runner.js:165351:31)\n    at Promise._settlePromise (http://localhost:40221/__cypress/runner/cypress_runner.js:165408:18)\n    at Promise._settlePromise0 (http://localhost:40221/__cypress/runner/cypress_runner.js:165453:10)\n    at Promise._settlePromises (http://localhost:40221/__cypress/runner/cypress_runner.js:165528:18)\n    at Async../node_modules/bluebird/js/release/async.js.Async._drainQueue (http://localhost:40221/__cypress/runner/cypress_runner.js:162140:16)\n    at Async../node_modules/bluebird/js/release/async.js.Async._drainQueues (http://localhost:40221/__cypress/runner/cypress_runner.js:162150:10)\n    at Async.drainQueues (http://localhost:40221/__cypress/runner/cypress_runner.js:162024:14)",
                "diff": null
              },
              "uuid": "f338157a-3a58-4b40-b5dc-37d2be336854",
              "parentUUID": "6057a05d-ac2b-4d46-980f-e30606553942",
              "isHook": false,
              "skipped": false
            },
            {
              "title": "Verifica se existe um botão com o id `generate-board`",
              "fullTitle": "10 - Faça o quadro de pixels ter seu tamanho definido pelo usuário. Verifica se existe um botão com o id `generate-board`",
              "timedOut": null,
              "duration": 4350,
              "state": "failed",
              "speed": null,
              "pass": false,
              "fail": true,
              "pending": false,
              "context": null,
              "code": "cy.get('#generate-board').should('be.visible');",
              "err": {
                "message": "CypressError: Timed out retrying: Expected to find element: '#generate-board', but never found it.",
                "estack": "CypressError: Timed out retrying: Expected to find element: '#generate-board', but never found it.\n    at cypressErr (http://localhost:40221/__cypress/runner/cypress_runner.js:149934:9)\n    at throwErr (http://localhost:40221/__cypress/runner/cypress_runner.js:149867:11)\n    at Object.throwErrByPath (http://localhost:40221/__cypress/runner/cypress_runner.js:149915:3)\n    at retry (http://localhost:40221/__cypress/runner/cypress_runner.js:144197:19)\n    at onFailFn (http://localhost:40221/__cypress/runner/cypress_runner.js:132448:16)\n    at tryCatcher (http://localhost:40221/__cypress/runner/cypress_runner.js:167415:23)\n    at Promise._settlePromiseFromHandler (http://localhost:40221/__cypress/runner/cypress_runner.js:165351:31)\n    at Promise._settlePromise (http://localhost:40221/__cypress/runner/cypress_runner.js:165408:18)\n    at Promise._settlePromise0 (http://localhost:40221/__cypress/runner/cypress_runner.js:165453:10)\n    at Promise._settlePromises (http://localhost:40221/__cypress/runner/cypress_runner.js:165528:18)\n    at Async../node_modules/bluebird/js/release/async.js.Async._drainQueue (http://localhost:40221/__cypress/runner/cypress_runner.js:162140:16)\n    at Async../node_modules/bluebird/js/release/async.js.Async._drainQueues (http://localhost:40221/__cypress/runner/cypress_runner.js:162150:10)\n    at Async.drainQueues (http://localhost:40221/__cypress/runner/cypress_runner.js:162024:14)",
                "diff": null
              },
              "uuid": "c00c3bcb-1a6e-4447-a775-c62c9e681e07",
              "parentUUID": "6057a05d-ac2b-4d46-980f-e30606553942",
              "isHook": false,
              "skipped": false
            },
            {
              "title": "Verifica se o input só aceita número maiores que zero. Essa restrição deve ser feita usando os atributos do elemento `input`",
              "fullTitle": "10 - Faça o quadro de pixels ter seu tamanho definido pelo usuário. Verifica se o input só aceita número maiores que zero. Essa restrição deve ser feita usando os atributos do elemento `input`",
              "timedOut": null,
              "duration": 4309,
              "state": "failed",
              "speed": null,
              "pass": false,
              "fail": true,
              "pending": false,
              "context": null,
              "code": "cy.get('#board-size[type=\\'number\\'][min=\\'1\\']');",
              "err": {
                "message": "CypressError: Timed out retrying: Expected to find element: '#board-size[type='number'][min='1']', but never found it.",
                "estack": "CypressError: Timed out retrying: Expected to find element: '#board-size[type='number'][min='1']', but never found it.\n    at cypressErr (http://localhost:40221/__cypress/runner/cypress_runner.js:149934:9)\n    at throwErr (http://localhost:40221/__cypress/runner/cypress_runner.js:149867:11)\n    at Object.throwErrByPath (http://localhost:40221/__cypress/runner/cypress_runner.js:149915:3)\n    at retry (http://localhost:40221/__cypress/runner/cypress_runner.js:144197:19)\n    at onFailFn (http://localhost:40221/__cypress/runner/cypress_runner.js:132448:16)\n    at tryCatcher (http://localhost:40221/__cypress/runner/cypress_runner.js:167415:23)\n    at Promise._settlePromiseFromHandler (http://localhost:40221/__cypress/runner/cypress_runner.js:165351:31)\n    at Promise._settlePromise (http://localhost:40221/__cypress/runner/cypress_runner.js:165408:18)\n    at Promise._settlePromise0 (http://localhost:40221/__cypress/runner/cypress_runner.js:165453:10)\n    at Promise._settlePromises (http://localhost:40221/__cypress/runner/cypress_runner.js:165528:18)\n    at Async../node_modules/bluebird/js/release/async.js.Async._drainQueue (http://localhost:40221/__cypress/runner/cypress_runner.js:162140:16)\n    at Async../node_modules/bluebird/js/release/async.js.Async._drainQueues (http://localhost:40221/__cypress/runner/cypress_runner.js:162150:10)\n    at Async.drainQueues (http://localhost:40221/__cypress/runner/cypress_runner.js:162024:14)",
                "diff": null
              },
              "uuid": "d418e37e-25eb-4a3e-bc6d-3476cde6b243",
              "parentUUID": "6057a05d-ac2b-4d46-980f-e30606553942",
              "isHook": false,
              "skipped": false
            },
            {
              "title": "Verifica se o botão contém o texto 'VQV'",
              "fullTitle": "10 - Faça o quadro de pixels ter seu tamanho definido pelo usuário. Verifica se o botão contém o texto 'VQV'",
              "timedOut": null,
              "duration": 4298,
              "state": "failed",
              "speed": null,
              "pass": false,
              "fail": true,
              "pending": false,
              "context": null,
              "code": "cy.get('#generate-board').contains(/vqv/i);",
              "err": {
                "message": "CypressError: Timed out retrying: Expected to find element: '#generate-board', but never found it.",
                "estack": "CypressError: Timed out retrying: Expected to find element: '#generate-board', but never found it.\n    at cypressErr (http://localhost:40221/__cypress/runner/cypress_runner.js:149934:9)\n    at throwErr (http://localhost:40221/__cypress/runner/cypress_runner.js:149867:11)\n    at Object.throwErrByPath (http://localhost:40221/__cypress/runner/cypress_runner.js:149915:3)\n    at retry (http://localhost:40221/__cypress/runner/cypress_runner.js:144197:19)\n    at onFailFn (http://localhost:40221/__cypress/runner/cypress_runner.js:132448:16)\n    at tryCatcher (http://localhost:40221/__cypress/runner/cypress_runner.js:167415:23)\n    at Promise._settlePromiseFromHandler (http://localhost:40221/__cypress/runner/cypress_runner.js:165351:31)\n    at Promise._settlePromise (http://localhost:40221/__cypress/runner/cypress_runner.js:165408:18)\n    at Promise._settlePromise0 (http://localhost:40221/__cypress/runner/cypress_runner.js:165453:10)\n    at Promise._settlePromises (http://localhost:40221/__cypress/runner/cypress_runner.js:165528:18)\n    at Async../node_modules/bluebird/js/release/async.js.Async._drainQueue (http://localhost:40221/__cypress/runner/cypress_runner.js:162140:16)\n    at Async../node_modules/bluebird/js/release/async.js.Async._drainQueues (http://localhost:40221/__cypress/runner/cypress_runner.js:162150:10)\n    at Async.drainQueues (http://localhost:40221/__cypress/runner/cypress_runner.js:162024:14)",
                "diff": null
              },
              "uuid": "e7920d26-77b3-4429-a9de-5dbee7bcde48",
              "parentUUID": "6057a05d-ac2b-4d46-980f-e30606553942",
              "isHook": false,
              "skipped": false
            },
            {
              "title": "Verifica se o input está posicionado entre a paleta de cores e o quadro de pixels",
              "fullTitle": "10 - Faça o quadro de pixels ter seu tamanho definido pelo usuário. Verifica se o input está posicionado entre a paleta de cores e o quadro de pixels",
              "timedOut": null,
              "duration": 4288,
              "state": "failed",
              "speed": null,
              "pass": false,
              "fail": true,
              "pending": false,
              "context": null,
              "code": "cy.get('#color-palette').then(function (palette) {\n  cy.get('#board-size').should('be.belowOf', palette);\n});\ncy.get('#board-size').then(function (palette) {\n  cy.get('#pixel-board').should('be.belowOf', palette);\n});",
              "err": {
                "message": "CypressError: Timed out retrying: Expected to find element: '#board-size', but never found it.",
                "estack": "CypressError: Timed out retrying: Expected to find element: '#board-size', but never found it.\n    at cypressErr (http://localhost:40221/__cypress/runner/cypress_runner.js:149934:9)\n    at throwErr (http://localhost:40221/__cypress/runner/cypress_runner.js:149867:11)\n    at Object.throwErrByPath (http://localhost:40221/__cypress/runner/cypress_runner.js:149915:3)\n    at retry (http://localhost:40221/__cypress/runner/cypress_runner.js:144197:19)\n    at onFailFn (http://localhost:40221/__cypress/runner/cypress_runner.js:132448:16)\n    at tryCatcher (http://localhost:40221/__cypress/runner/cypress_runner.js:167415:23)\n    at Promise._settlePromiseFromHandler (http://localhost:40221/__cypress/runner/cypress_runner.js:165351:31)\n    at Promise._settlePromise (http://localhost:40221/__cypress/runner/cypress_runner.js:165408:18)\n    at Promise._settlePromise0 (http://localhost:40221/__cypress/runner/cypress_runner.js:165453:10)\n    at Promise._settlePromises (http://localhost:40221/__cypress/runner/cypress_runner.js:165528:18)\n    at Async../node_modules/bluebird/js/release/async.js.Async._drainQueue (http://localhost:40221/__cypress/runner/cypress_runner.js:162140:16)\n    at Async../node_modules/bluebird/js/release/async.js.Async._drainQueues (http://localhost:40221/__cypress/runner/cypress_runner.js:162150:10)\n    at Async.drainQueues (http://localhost:40221/__cypress/runner/cypress_runner.js:162024:14)",
                "diff": null
              },
              "uuid": "e39db57d-4843-4574-992f-3dc9d82fbd02",
              "parentUUID": "6057a05d-ac2b-4d46-980f-e30606553942",
              "isHook": false,
              "skipped": false
            },
            {
              "title": "Verifica se o botão está posicionado ao lado do input",
              "fullTitle": "10 - Faça o quadro de pixels ter seu tamanho definido pelo usuário. Verifica se o botão está posicionado ao lado do input",
              "timedOut": null,
              "duration": 4394,
              "state": "failed",
              "speed": null,
              "pass": false,
              "fail": true,
              "pending": false,
              "context": null,
              "code": "cy.get('#board-size').then(function (board) {\n  cy.get('#generate-board').should('be.onTheRightOf', board);\n});",
              "err": {
                "message": "CypressError: Timed out retrying: Expected to find element: '#board-size', but never found it.",
                "estack": "CypressError: Timed out retrying: Expected to find element: '#board-size', but never found it.\n    at cypressErr (http://localhost:40221/__cypress/runner/cypress_runner.js:149934:9)\n    at throwErr (http://localhost:40221/__cypress/runner/cypress_runner.js:149867:11)\n    at Object.throwErrByPath (http://localhost:40221/__cypress/runner/cypress_runner.js:149915:3)\n    at retry (http://localhost:40221/__cypress/runner/cypress_runner.js:144197:19)\n    at onFailFn (http://localhost:40221/__cypress/runner/cypress_runner.js:132448:16)\n    at tryCatcher (http://localhost:40221/__cypress/runner/cypress_runner.js:167415:23)\n    at Promise._settlePromiseFromHandler (http://localhost:40221/__cypress/runner/cypress_runner.js:165351:31)\n    at Promise._settlePromise (http://localhost:40221/__cypress/runner/cypress_runner.js:165408:18)\n    at Promise._settlePromise0 (http://localhost:40221/__cypress/runner/cypress_runner.js:165453:10)\n    at Promise._settlePromises (http://localhost:40221/__cypress/runner/cypress_runner.js:165528:18)\n    at Async../node_modules/bluebird/js/release/async.js.Async._drainQueue (http://localhost:40221/__cypress/runner/cypress_runner.js:162140:16)\n    at Async../node_modules/bluebird/js/release/async.js.Async._drainQueues (http://localhost:40221/__cypress/runner/cypress_runner.js:162150:10)\n    at Async.drainQueues (http://localhost:40221/__cypress/runner/cypress_runner.js:162024:14)",
                "diff": null
              },
              "uuid": "5bfad50e-1cae-4cdc-927e-b84c23f92c81",
              "parentUUID": "6057a05d-ac2b-4d46-980f-e30606553942",
              "isHook": false,
              "skipped": false
            },
            {
              "title": "Verifica se nenhum valor for colocado no input ao clicar no botão, um `alert` é exibido com o texto: 'Board inválido!'",
              "fullTitle": "10 - Faça o quadro de pixels ter seu tamanho definido pelo usuário. Verifica se nenhum valor for colocado no input ao clicar no botão, um `alert` é exibido com o texto: 'Board inválido!'",
              "timedOut": null,
              "duration": 4272,
              "state": "failed",
              "speed": null,
              "pass": false,
              "fail": true,
              "pending": false,
              "context": null,
              "code": "var alerted = false;\ncy.on('window:alert', function (msg) {\n  return alerted = msg;\n});\ncy.get('#generate-board').click().then(function () {\n  return expect(alerted).to.match(/Board inválido!/i);\n});",
              "err": {
                "message": "CypressError: Timed out retrying: Expected to find element: '#generate-board', but never found it.",
                "estack": "CypressError: Timed out retrying: Expected to find element: '#generate-board', but never found it.\n    at cypressErr (http://localhost:40221/__cypress/runner/cypress_runner.js:149934:9)\n    at throwErr (http://localhost:40221/__cypress/runner/cypress_runner.js:149867:11)\n    at Object.throwErrByPath (http://localhost:40221/__cypress/runner/cypress_runner.js:149915:3)\n    at retry (http://localhost:40221/__cypress/runner/cypress_runner.js:144197:19)\n    at onFailFn (http://localhost:40221/__cypress/runner/cypress_runner.js:132448:16)\n    at tryCatcher (http://localhost:40221/__cypress/runner/cypress_runner.js:167415:23)\n    at Promise._settlePromiseFromHandler (http://localhost:40221/__cypress/runner/cypress_runner.js:165351:31)\n    at Promise._settlePromise (http://localhost:40221/__cypress/runner/cypress_runner.js:165408:18)\n    at Promise._settlePromise0 (http://localhost:40221/__cypress/runner/cypress_runner.js:165453:10)\n    at Promise._settlePromises (http://localhost:40221/__cypress/runner/cypress_runner.js:165528:18)\n    at Async../node_modules/bluebird/js/release/async.js.Async._drainQueue (http://localhost:40221/__cypress/runner/cypress_runner.js:162140:16)\n    at Async../node_modules/bluebird/js/release/async.js.Async._drainQueues (http://localhost:40221/__cypress/runner/cypress_runner.js:162150:10)\n    at Async.drainQueues (http://localhost:40221/__cypress/runner/cypress_runner.js:162024:14)",
                "diff": null
              },
              "uuid": "4f116f82-8b67-477e-bc1a-035c493e4d81",
              "parentUUID": "6057a05d-ac2b-4d46-980f-e30606553942",
              "isHook": false,
              "skipped": false
            },
            {
              "title": "Verifica se ao clicar no botão com um valor preenchido, o tamanho do board muda.",
              "fullTitle": "10 - Faça o quadro de pixels ter seu tamanho definido pelo usuário. Verifica se ao clicar no botão com um valor preenchido, o tamanho do board muda.",
              "timedOut": null,
              "duration": 4388,
              "state": "failed",
              "speed": null,
              "pass": false,
              "fail": true,
              "pending": false,
              "context": null,
              "code": "cy.get('#board-size').clear().type(10);\ncy.get('#generate-board').click();\ncy.get('.pixel').should('have.length', 100);",
              "err": {
                "message": "CypressError: Timed out retrying: Expected to find element: '#board-size', but never found it.",
                "estack": "CypressError: Timed out retrying: Expected to find element: '#board-size', but never found it.\n    at cypressErr (http://localhost:40221/__cypress/runner/cypress_runner.js:149934:9)\n    at throwErr (http://localhost:40221/__cypress/runner/cypress_runner.js:149867:11)\n    at Object.throwErrByPath (http://localhost:40221/__cypress/runner/cypress_runner.js:149915:3)\n    at retry (http://localhost:40221/__cypress/runner/cypress_runner.js:144197:19)\n    at onFailFn (http://localhost:40221/__cypress/runner/cypress_runner.js:132448:16)\n    at tryCatcher (http://localhost:40221/__cypress/runner/cypress_runner.js:167415:23)\n    at Promise._settlePromiseFromHandler (http://localhost:40221/__cypress/runner/cypress_runner.js:165351:31)\n    at Promise._settlePromise (http://localhost:40221/__cypress/runner/cypress_runner.js:165408:18)\n    at Promise._settlePromise0 (http://localhost:40221/__cypress/runner/cypress_runner.js:165453:10)\n    at Promise._settlePromises (http://localhost:40221/__cypress/runner/cypress_runner.js:165528:18)\n    at Async../node_modules/bluebird/js/release/async.js.Async._drainQueue (http://localhost:40221/__cypress/runner/cypress_runner.js:162140:16)\n    at Async../node_modules/bluebird/js/release/async.js.Async._drainQueues (http://localhost:40221/__cypress/runner/cypress_runner.js:162150:10)\n    at Async.drainQueues (http://localhost:40221/__cypress/runner/cypress_runner.js:162024:14)",
                "diff": null
              },
              "uuid": "4b1f0f5c-fd4a-4038-9b8e-f3669320cc70",
              "parentUUID": "6057a05d-ac2b-4d46-980f-e30606553942",
              "isHook": false,
              "skipped": false
            },
            {
              "title": "Verifica se o novo quadro tem todos os pixels preenchidos com a cor branca",
              "fullTitle": "10 - Faça o quadro de pixels ter seu tamanho definido pelo usuário. Verifica se o novo quadro tem todos os pixels preenchidos com a cor branca",
              "timedOut": null,
              "duration": 4285,
              "state": "failed",
              "speed": null,
              "pass": false,
              "fail": true,
              "pending": false,
              "context": null,
              "code": "cy.get('#board-size').clear().type(6);\ncy.get('#generate-board').click();\ncy.get('.pixel').should('have.length', 36).each(function (pixel) {\n  expect(pixel).to.have.css('background-color', WHITE);\n});",
              "err": {
                "message": "CypressError: Timed out retrying: Expected to find element: '#board-size', but never found it.",
                "estack": "CypressError: Timed out retrying: Expected to find element: '#board-size', but never found it.\n    at cypressErr (http://localhost:40221/__cypress/runner/cypress_runner.js:149934:9)\n    at throwErr (http://localhost:40221/__cypress/runner/cypress_runner.js:149867:11)\n    at Object.throwErrByPath (http://localhost:40221/__cypress/runner/cypress_runner.js:149915:3)\n    at retry (http://localhost:40221/__cypress/runner/cypress_runner.js:144197:19)\n    at onFailFn (http://localhost:40221/__cypress/runner/cypress_runner.js:132448:16)\n    at tryCatcher (http://localhost:40221/__cypress/runner/cypress_runner.js:167415:23)\n    at Promise._settlePromiseFromHandler (http://localhost:40221/__cypress/runner/cypress_runner.js:165351:31)\n    at Promise._settlePromise (http://localhost:40221/__cypress/runner/cypress_runner.js:165408:18)\n    at Promise._settlePromise0 (http://localhost:40221/__cypress/runner/cypress_runner.js:165453:10)\n    at Promise._settlePromises (http://localhost:40221/__cypress/runner/cypress_runner.js:165528:18)\n    at Async../node_modules/bluebird/js/release/async.js.Async._drainQueue (http://localhost:40221/__cypress/runner/cypress_runner.js:162140:16)\n    at Async../node_modules/bluebird/js/release/async.js.Async._drainQueues (http://localhost:40221/__cypress/runner/cypress_runner.js:162150:10)\n    at Async.drainQueues (http://localhost:40221/__cypress/runner/cypress_runner.js:162024:14)",
                "diff": null
              },
              "uuid": "e28970ad-c9d6-4916-88d2-1acc9755d46e",
              "parentUUID": "6057a05d-ac2b-4d46-980f-e30606553942",
              "isHook": false,
              "skipped": false
            }
          ],
          "suites": [],
          "passes": [],
          "failures": [
            "f338157a-3a58-4b40-b5dc-37d2be336854",
            "c00c3bcb-1a6e-4447-a775-c62c9e681e07",
            "d418e37e-25eb-4a3e-bc6d-3476cde6b243",
            "e7920d26-77b3-4429-a9de-5dbee7bcde48",
            "e39db57d-4843-4574-992f-3dc9d82fbd02",
            "5bfad50e-1cae-4cdc-927e-b84c23f92c81",
            "4f116f82-8b67-477e-bc1a-035c493e4d81",
            "4b1f0f5c-fd4a-4038-9b8e-f3669320cc70",
            "e28970ad-c9d6-4916-88d2-1acc9755d46e"
          ],
          "pending": [],
          "skipped": [],
          "duration": 38909,
          "root": false,
          "rootEmpty": false,
          "_timeout": 2000
        },
        {
          "uuid": "884e0aa6-6bc8-45d4-b719-fe99946a7f55",
          "title": "11 - Limite o tamanho mínimo e máximo do board.",
          "fullFile": "",
          "file": "",
          "beforeHooks": [],
          "afterHooks": [],
          "tests": [
            {
              "title": "Verifica se a altura máxima do board é 50",
              "fullTitle": "11 - Limite o tamanho mínimo e máximo do board. Verifica se a altura máxima do board é 50",
              "timedOut": null,
              "duration": 4347,
              "state": "failed",
              "speed": null,
              "pass": false,
              "fail": true,
              "pending": false,
              "context": null,
              "code": "cy.get('#board-size').clear().type(50);\ncy.get('#generate-board').click();\ncy.get('.pixel').should('have.length', 2500);",
              "err": {
                "message": "CypressError: Timed out retrying: Expected to find element: '#board-size', but never found it.",
                "estack": "CypressError: Timed out retrying: Expected to find element: '#board-size', but never found it.\n    at cypressErr (http://localhost:40221/__cypress/runner/cypress_runner.js:149934:9)\n    at throwErr (http://localhost:40221/__cypress/runner/cypress_runner.js:149867:11)\n    at Object.throwErrByPath (http://localhost:40221/__cypress/runner/cypress_runner.js:149915:3)\n    at retry (http://localhost:40221/__cypress/runner/cypress_runner.js:144197:19)\n    at onFailFn (http://localhost:40221/__cypress/runner/cypress_runner.js:132448:16)\n    at tryCatcher (http://localhost:40221/__cypress/runner/cypress_runner.js:167415:23)\n    at Promise._settlePromiseFromHandler (http://localhost:40221/__cypress/runner/cypress_runner.js:165351:31)\n    at Promise._settlePromise (http://localhost:40221/__cypress/runner/cypress_runner.js:165408:18)\n    at Promise._settlePromise0 (http://localhost:40221/__cypress/runner/cypress_runner.js:165453:10)\n    at Promise._settlePromises (http://localhost:40221/__cypress/runner/cypress_runner.js:165528:18)\n    at Async../node_modules/bluebird/js/release/async.js.Async._drainQueue (http://localhost:40221/__cypress/runner/cypress_runner.js:162140:16)\n    at Async../node_modules/bluebird/js/release/async.js.Async._drainQueues (http://localhost:40221/__cypress/runner/cypress_runner.js:162150:10)\n    at Async.drainQueues (http://localhost:40221/__cypress/runner/cypress_runner.js:162024:14)",
                "diff": null
              },
              "uuid": "9f9d65be-b267-4a1b-87aa-a93cb6ca2d2c",
              "parentUUID": "884e0aa6-6bc8-45d4-b719-fe99946a7f55",
              "isHook": false,
              "skipped": false
            },
            {
              "title": "Verifica se a altura do board é 5 quando um valor menor é colocado no input",
              "fullTitle": "11 - Limite o tamanho mínimo e máximo do board. Verifica se a altura do board é 5 quando um valor menor é colocado no input",
              "timedOut": null,
              "duration": 4304,
              "state": "failed",
              "speed": null,
              "pass": false,
              "fail": true,
              "pending": false,
              "context": null,
              "code": "cy.get('#board-size').clear().type(4);\ncy.get('#generate-board').click();\ncy.get('.pixel').should('have.length', 25);",
              "err": {
                "message": "CypressError: Timed out retrying: Expected to find element: '#board-size', but never found it.",
                "estack": "CypressError: Timed out retrying: Expected to find element: '#board-size', but never found it.\n    at cypressErr (http://localhost:40221/__cypress/runner/cypress_runner.js:149934:9)\n    at throwErr (http://localhost:40221/__cypress/runner/cypress_runner.js:149867:11)\n    at Object.throwErrByPath (http://localhost:40221/__cypress/runner/cypress_runner.js:149915:3)\n    at retry (http://localhost:40221/__cypress/runner/cypress_runner.js:144197:19)\n    at onFailFn (http://localhost:40221/__cypress/runner/cypress_runner.js:132448:16)\n    at tryCatcher (http://localhost:40221/__cypress/runner/cypress_runner.js:167415:23)\n    at Promise._settlePromiseFromHandler (http://localhost:40221/__cypress/runner/cypress_runner.js:165351:31)\n    at Promise._settlePromise (http://localhost:40221/__cypress/runner/cypress_runner.js:165408:18)\n    at Promise._settlePromise0 (http://localhost:40221/__cypress/runner/cypress_runner.js:165453:10)\n    at Promise._settlePromises (http://localhost:40221/__cypress/runner/cypress_runner.js:165528:18)\n    at Async../node_modules/bluebird/js/release/async.js.Async._drainQueue (http://localhost:40221/__cypress/runner/cypress_runner.js:162140:16)\n    at Async../node_modules/bluebird/js/release/async.js.Async._drainQueues (http://localhost:40221/__cypress/runner/cypress_runner.js:162150:10)\n    at Async.drainQueues (http://localhost:40221/__cypress/runner/cypress_runner.js:162024:14)",
                "diff": null
              },
              "uuid": "4ae081ed-b30e-413f-bbf9-b7c9b61e8d34",
              "parentUUID": "884e0aa6-6bc8-45d4-b719-fe99946a7f55",
              "isHook": false,
              "skipped": false
            },
            {
              "title": "Verifica se a altura do board é 50 quando um valor maior é colocado no input",
              "fullTitle": "11 - Limite o tamanho mínimo e máximo do board. Verifica se a altura do board é 50 quando um valor maior é colocado no input",
              "timedOut": null,
              "duration": 4300,
              "state": "failed",
              "speed": null,
              "pass": false,
              "fail": true,
              "pending": false,
              "context": null,
              "code": "cy.get('#board-size').clear().type(51);\ncy.get('#generate-board').click();\ncy.get('.pixel').should('have.length', 2500);",
              "err": {
                "message": "CypressError: Timed out retrying: Expected to find element: '#board-size', but never found it.",
                "estack": "CypressError: Timed out retrying: Expected to find element: '#board-size', but never found it.\n    at cypressErr (http://localhost:40221/__cypress/runner/cypress_runner.js:149934:9)\n    at throwErr (http://localhost:40221/__cypress/runner/cypress_runner.js:149867:11)\n    at Object.throwErrByPath (http://localhost:40221/__cypress/runner/cypress_runner.js:149915:3)\n    at retry (http://localhost:40221/__cypress/runner/cypress_runner.js:144197:19)\n    at onFailFn (http://localhost:40221/__cypress/runner/cypress_runner.js:132448:16)\n    at tryCatcher (http://localhost:40221/__cypress/runner/cypress_runner.js:167415:23)\n    at Promise._settlePromiseFromHandler (http://localhost:40221/__cypress/runner/cypress_runner.js:165351:31)\n    at Promise._settlePromise (http://localhost:40221/__cypress/runner/cypress_runner.js:165408:18)\n    at Promise._settlePromise0 (http://localhost:40221/__cypress/runner/cypress_runner.js:165453:10)\n    at Promise._settlePromises (http://localhost:40221/__cypress/runner/cypress_runner.js:165528:18)\n    at Async../node_modules/bluebird/js/release/async.js.Async._drainQueue (http://localhost:40221/__cypress/runner/cypress_runner.js:162140:16)\n    at Async../node_modules/bluebird/js/release/async.js.Async._drainQueues (http://localhost:40221/__cypress/runner/cypress_runner.js:162150:10)\n    at Async.drainQueues (http://localhost:40221/__cypress/runner/cypress_runner.js:162024:14)",
                "diff": null
              },
              "uuid": "5dd7eab4-ae46-4eb8-bec3-0e252c717b49",
              "parentUUID": "884e0aa6-6bc8-45d4-b719-fe99946a7f55",
              "isHook": false,
              "skipped": false
            }
          ],
          "suites": [],
          "passes": [],
          "failures": [
            "9f9d65be-b267-4a1b-87aa-a93cb6ca2d2c",
            "4ae081ed-b30e-413f-bbf9-b7c9b61e8d34",
            "5dd7eab4-ae46-4eb8-bec3-0e252c717b49"
          ],
          "pending": [],
          "skipped": [],
          "duration": 12951,
          "root": false,
          "rootEmpty": false,
          "_timeout": 2000
        },
        {
          "uuid": "8ea207d7-45b6-4474-8b1d-a5a562b83098",
          "title": "12 - Faça com que as cores da paleta sejam geradas aleatoriamente ao carregar a página.",
          "fullFile": "",
          "file": "",
          "beforeHooks": [],
          "afterHooks": [],
          "tests": [
            {
              "title": "Verifica se as cores geradas na paleta são diferentes a cada carregamento da página",
              "fullTitle": "12 - Faça com que as cores da paleta sejam geradas aleatoriamente ao carregar a página. Verifica se as cores geradas na paleta são diferentes a cada carregamento da página",
              "timedOut": null,
              "duration": 358,
              "state": "failed",
              "speed": null,
              "pass": false,
              "fail": true,
              "pending": false,
              "context": null,
              "code": "cy.get('.color').then(function (colors) {\n  var currentColors;\n  var previousColors;\n  previousColors = Array.from(colors).map(function (color) {\n    return Cypress.$(color).css('background-color');\n  });\n  for (var i = 0; i < 5; i += 1) {\n    cy.reload();\n    cy.get('.color').then(function (colors) {\n      currentColors = Array.from(colors).map(function (color) {\n        return Cypress.$(color).css('background-color');\n      });\n      expect(currentColors).not.to.deep.equal(previousColors);\n      previousColors = currentColors;\n    });\n  }\n});",
              "err": {
                "message": "AssertionError: expected [ Array(4) ] to not deeply equal [ Array(4) ]",
                "estack": "AssertionError: expected [ Array(4) ] to not deeply equal [ Array(4) ]\n    at getRet (http://localhost:40221/__cypress/runner/cypress_runner.js:136585:16)\n    at tryCatcher (http://localhost:40221/__cypress/runner/cypress_runner.js:167415:23)\n    at Function.Promise.attempt.Promise.try (http://localhost:40221/__cypress/runner/cypress_runner.js:164690:29)\n    at Context.thenFn (http://localhost:40221/__cypress/runner/cypress_runner.js:136599:23)\n    at Context.then (http://localhost:40221/__cypress/runner/cypress_runner.js:136971:21)\n    at Context.<anonymous> (http://localhost:40221/__cypress/runner/cypress_runner.js:148875:21)\n    at http://localhost:40221/__cypress/runner/cypress_runner.js:148351:33\n    at tryCatcher (http://localhost:40221/__cypress/runner/cypress_runner.js:167415:23)\n    at Promise._settlePromiseFromHandler (http://localhost:40221/__cypress/runner/cypress_runner.js:165351:31)\n    at Promise._settlePromise (http://localhost:40221/__cypress/runner/cypress_runner.js:165408:18)\n    at Promise._settlePromiseCtx (http://localhost:40221/__cypress/runner/cypress_runner.js:165445:10)\n    at Async../node_modules/bluebird/js/release/async.js.Async._drainQueue (http://localhost:40221/__cypress/runner/cypress_runner.js:162145:12)\n    at Async../node_modules/bluebird/js/release/async.js.Async._drainQueues (http://localhost:40221/__cypress/runner/cypress_runner.js:162150:10)\n    at Async.drainQueues (http://localhost:40221/__cypress/runner/cypress_runner.js:162024:14)",
                "diff": ""
              },
              "uuid": "ca9da95b-421a-4023-bd23-053f5af2d728",
              "parentUUID": "8ea207d7-45b6-4474-8b1d-a5a562b83098",
              "isHook": false,
              "skipped": false
            },
            {
              "title": "Verifica se a cor preta ainda está presente e é a primeira na sua paleta de cores",
              "fullTitle": "12 - Faça com que as cores da paleta sejam geradas aleatoriamente ao carregar a página. Verifica se a cor preta ainda está presente e é a primeira na sua paleta de cores",
              "timedOut": null,
              "duration": 315,
              "state": "failed",
              "speed": null,
              "pass": false,
              "fail": true,
              "pending": false,
              "context": null,
              "code": "cy.get('.color').then(function (colors) {\n  var currentColors;\n  var previousColors;\n  previousColors = Array.from(colors).map(function (color) {\n    return Cypress.$(color).css('background-color');\n  });\n  expect(previousColors[0]).to.eq(BLACK);\n  for (var i = 0; i < 5; i += 1) {\n    cy.reload();\n    cy.get('.color').then(function (colors) {\n      currentColors = Array.from(colors).map(function (color) {\n        return Cypress.$(color).css('background-color');\n      });\n      expect(currentColors[0]).to.eq(BLACK);\n      expect(currentColors).not.to.deep.equal(previousColors);\n      previousColors = currentColors;\n    });\n  }\n});",
              "err": {
                "message": "AssertionError: expected [ Array(4) ] to not deeply equal [ Array(4) ]",
                "estack": "AssertionError: expected [ Array(4) ] to not deeply equal [ Array(4) ]\n    at getRet (http://localhost:40221/__cypress/runner/cypress_runner.js:136585:16)\n    at tryCatcher (http://localhost:40221/__cypress/runner/cypress_runner.js:167415:23)\n    at Function.Promise.attempt.Promise.try (http://localhost:40221/__cypress/runner/cypress_runner.js:164690:29)\n    at Context.thenFn (http://localhost:40221/__cypress/runner/cypress_runner.js:136599:23)\n    at Context.then (http://localhost:40221/__cypress/runner/cypress_runner.js:136971:21)\n    at Context.<anonymous> (http://localhost:40221/__cypress/runner/cypress_runner.js:148875:21)\n    at http://localhost:40221/__cypress/runner/cypress_runner.js:148351:33\n    at tryCatcher (http://localhost:40221/__cypress/runner/cypress_runner.js:167415:23)\n    at Promise._settlePromiseFromHandler (http://localhost:40221/__cypress/runner/cypress_runner.js:165351:31)\n    at Promise._settlePromise (http://localhost:40221/__cypress/runner/cypress_runner.js:165408:18)\n    at Promise._settlePromiseCtx (http://localhost:40221/__cypress/runner/cypress_runner.js:165445:10)\n    at Async../node_modules/bluebird/js/release/async.js.Async._drainQueue (http://localhost:40221/__cypress/runner/cypress_runner.js:162145:12)\n    at Async../node_modules/bluebird/js/release/async.js.Async._drainQueues (http://localhost:40221/__cypress/runner/cypress_runner.js:162150:10)\n    at Async.drainQueues (http://localhost:40221/__cypress/runner/cypress_runner.js:162024:14)",
                "diff": ""
              },
              "uuid": "d3c4b6dd-46a6-40a9-94cb-c636f39affdf",
              "parentUUID": "8ea207d7-45b6-4474-8b1d-a5a562b83098",
              "isHook": false,
              "skipped": false
            }
          ],
          "suites": [],
          "passes": [],
          "failures": [
            "ca9da95b-421a-4023-bd23-053f5af2d728",
            "d3c4b6dd-46a6-40a9-94cb-c636f39affdf"
          ],
          "pending": [],
          "skipped": [],
          "duration": 673,
          "root": false,
          "rootEmpty": false,
          "_timeout": 2000
        }
      ],
      "passes": [],
      "failures": [],
      "pending": [],
      "skipped": [],
      "duration": 0,
      "root": true,
      "rootEmpty": true,
      "_timeout": 2000
    }
  ],
  "meta": {
    "mocha": {
      "version": "7.0.1"
    },
    "mochawesome": {
      "options": {
        "quiet": false,
        "reportFilename": "mochawesome",
        "saveHtml": false,
        "saveJson": true,
        "consoleReporter": "spec",
        "useInlineDiffs": false
      },
      "version": "4.1.0"
    },
    "marge": {
      "options": {
        "id": "default",
        "reportDir": "cypress/reports",
        "overwrite": true,
        "html": false,
        "json": true
      },
      "version": "4.1.0"
    }
  }
}